app/build/outputs/logs/manifest-merger-debug-report.txt
-- Merging decision tree log ---
manifest
ADDED from AndroidManifest.xml:2:1
	xmlns:android
		ADDED from AndroidManifest.xml:2:11
	package
		ADDED from AndroidManifest.xml:3:5
		INJECTED from AndroidManifest.xml:0:0
		INJECTED from AndroidManifest.xml:0:0
	android:versionName
		INJECTED from AndroidManifest.xml:0:0
		INJECTED from AndroidManifest.xml:0:0
	android:versionCode
		INJECTED from AndroidManifest.xml:0:0
		INJECTED from AndroidManifest.xml:0:0
uses-permission#android.permission.INTERNET
ADDED from AndroidManifest.xml:5:5
	android:name
		ADDED from AndroidManifest.xml:5:22
uses-permission#android.permission.WRITE_EXTERNAL_STORAGE
ADDED from AndroidManifest.xml:6:5
	android:name
		ADDED from AndroidManifest.xml:6:22
uses-permission#android.permission.READ_EXTERNAL_STORAGE
ADDED from AndroidManifest.xml:7:5
	android:name
		ADDED from AndroidManifest.xml:7:22
service#com.amazonaws.mobileconnectors.s3.transferutility.TransferService
ADDED from AndroidManifest.xml:9:5
	android:enabled
		ADDED from AndroidManifest.xml:11:9
	android:name
		ADDED from AndroidManifest.xml:10:9
application
ADDED from AndroidManifest.xml:13:5
MERGED from com.android.support:appcompat-v7:23.0.1:22:5
MERGED from com.android.support:support-v4:23.0.1:22:5
MERGED from com.android.support:support-v4:23.0.1:22:5
MERGED from com.android.support:support-v4:23.0.1:22:5
	android:label
		ADDED from AndroidManifest.xml:16:9
	android:allowBackup
		ADDED from AndroidManifest.xml:14:9
	android:icon
		ADDED from AndroidManifest.xml:15:9
	android:theme
		ADDED from AndroidManifest.xml:17:9
activity#com.example.developer.cloudprint.ui.RegisterUser
ADDED from AndroidManifest.xml:18:9
	android:label
		ADDED from AndroidManifest.xml:20:13
	android:name
		ADDED from AndroidManifest.xml:19:13
intent-filter#android.intent.action.MAIN+android.intent.category.LAUNCHER
ADDED from AndroidManifest.xml:21:13
action#android.intent.action.MAIN
ADDED from AndroidManifest.xml:22:17
	android:name
		ADDED from AndroidManifest.xml:22:25
category#android.intent.category.LAUNCHER
ADDED from AndroidManifest.xml:24:17
	android:name
		ADDED from AndroidManifest.xml:24:27
activity#com.example.developer.cloudprint.ui.LoggedUser
ADDED from AndroidManifest.xml:27:9
	android:label
		ADDED from AndroidManifest.xml:29:13
	android:name
		ADDED from AndroidManifest.xml:28:13
activity#com.example.developer.cloudprint.ui.LoginUser
ADDED from AndroidManifest.xml:31:9
	android:label
		ADDED from AndroidManifest.xml:33:13
	android:name
		ADDED from AndroidManifest.xml:32:13
activity#com.ipaulpro.afilechooser.FileChooserActivity
ADDED from AndroidManifest.xml:35:9
	android:label
		ADDED from AndroidManifest.xml:40:13
	android:icon
		ADDED from AndroidManifest.xml:39:13
	android:theme
		ADDED from AndroidManifest.xml:41:13
	android:exported
		ADDED from AndroidManifest.xml:38:13
	android:enabled
		ADDED from AndroidManifest.xml:37:13
	android:name
		ADDED from AndroidManifest.xml:36:13
intent-filter#android.intent.action.GET_CONTENT+android.intent.category.DEFAULT+android.intent.category.OPENABLE
ADDED from AndroidManifest.xml:42:13
action#android.intent.action.GET_CONTENT
ADDED from AndroidManifest.xml:43:17
	android:name
		ADDED from AndroidManifest.xml:43:25
category#android.intent.category.DEFAULT
ADDED from AndroidManifest.xml:45:17
	android:name
		ADDED from AndroidManifest.xml:45:27
category#android.intent.category.OPENABLE
ADDED from AndroidManifest.xml:46:17
	android:name
		ADDED from AndroidManifest.xml:46:27
data
ADDED from AndroidManifest.xml:48:17
	android:mimeType
		ADDED from AndroidManifest.xml:48:23
uses-sdk
INJECTED from AndroidManifest.xml:0:0 reason: use-sdk injection requested
MERGED from com.android.support:appcompat-v7:23.0.1:20:5
MERGED from com.android.support:support-v4:23.0.1:20:5
MERGED from CloudPrint_Fall2015:dropboxChooserSDK:unspecified:7:5
MERGED from com.android.support:support-v4:23.0.1:20:5
MERGED from CloudPrint_Fall2015:aFileChooser:unspecified:20:5
MERGED from com.android.support:support-v4:23.0.1:20:5
	android:targetSdkVersion
		INJECTED from AndroidManifest.xml:0:0
		INJECTED from AndroidManifest.xml:0:0
	android:minSdkVersion
		INJECTED from AndroidManifest.xml:0:0
		INJECTED from AndroidManifest.xml:0:0